Performing C SOURCE FILE Test UV_LINT_W4 failed with the following output:
Change Dir: /media/shanfl/KINGSTON/Server4Poker/build/CMakeFiles/CMakeTmp

Run Build Command(s):/usr/bin/gmake -f Makefile cmTC_2e426/fast && /usr/bin/gmake  -f CMakeFiles/cmTC_2e426.dir/build.make CMakeFiles/cmTC_2e426.dir/build
gmake[1]: Entering directory '/media/shanfl/KINGSTON/Server4Poker/build/CMakeFiles/CMakeTmp'
Building C object CMakeFiles/cmTC_2e426.dir/src.c.o
/usr/bin/cc -DUV_LINT_W4  /W4 -std=gnu90 -o CMakeFiles/cmTC_2e426.dir/src.c.o -c /media/shanfl/KINGSTON/Server4Poker/build/CMakeFiles/CMakeTmp/src.c
cc: warning: /W4: linker input file unused because linking not done
cc: error: /W4: linker input file not found: No such file or directory
gmake[1]: *** [CMakeFiles/cmTC_2e426.dir/build.make:78: CMakeFiles/cmTC_2e426.dir/src.c.o] Error 1
gmake[1]: *** Deleting file 'CMakeFiles/cmTC_2e426.dir/src.c.o'
gmake[1]: Leaving directory '/media/shanfl/KINGSTON/Server4Poker/build/CMakeFiles/CMakeTmp'
gmake: *** [Makefile:127: cmTC_2e426/fast] Error 2


Source file was:
int main(void) { return 0; }
Performing C SOURCE FILE Test UV_LINT_NO_UNUSED_PARAMETER_MSVC failed with the following output:
Change Dir: /media/shanfl/KINGSTON/Server4Poker/build/CMakeFiles/CMakeTmp

Run Build Command(s):/usr/bin/gmake -f Makefile cmTC_ec6bc/fast && /usr/bin/gmake  -f CMakeFiles/cmTC_ec6bc.dir/build.make CMakeFiles/cmTC_ec6bc.dir/build
gmake[1]: Entering directory '/media/shanfl/KINGSTON/Server4Poker/build/CMakeFiles/CMakeTmp'
Building C object CMakeFiles/cmTC_ec6bc.dir/src.c.o
/usr/bin/cc -DUV_LINT_NO_UNUSED_PARAMETER_MSVC  /wd4100 -std=gnu90 -o CMakeFiles/cmTC_ec6bc.dir/src.c.o -c /media/shanfl/KINGSTON/Server4Poker/build/CMakeFiles/CMakeTmp/src.c
cc: warning: /wd4100: linker input file unused because linking not done
cc: error: /wd4100: linker input file not found: No such file or directory
gmake[1]: *** [CMakeFiles/cmTC_ec6bc.dir/build.make:78: CMakeFiles/cmTC_ec6bc.dir/src.c.o] Error 1
gmake[1]: *** Deleting file 'CMakeFiles/cmTC_ec6bc.dir/src.c.o'
gmake[1]: Leaving directory '/media/shanfl/KINGSTON/Server4Poker/build/CMakeFiles/CMakeTmp'
gmake: *** [Makefile:127: cmTC_ec6bc/fast] Error 2


Source file was:
int main(void) { return 0; }
Performing C SOURCE FILE Test UV_LINT_NO_CONDITIONAL_CONSTANT_MSVC failed with the following output:
Change Dir: /media/shanfl/KINGSTON/Server4Poker/build/CMakeFiles/CMakeTmp

Run Build Command(s):/usr/bin/gmake -f Makefile cmTC_f2497/fast && /usr/bin/gmake  -f CMakeFiles/cmTC_f2497.dir/build.make CMakeFiles/cmTC_f2497.dir/build
gmake[1]: Entering directory '/media/shanfl/KINGSTON/Server4Poker/build/CMakeFiles/CMakeTmp'
Building C object CMakeFiles/cmTC_f2497.dir/src.c.o
/usr/bin/cc -DUV_LINT_NO_CONDITIONAL_CONSTANT_MSVC  /wd4127 -std=gnu90 -o CMakeFiles/cmTC_f2497.dir/src.c.o -c /media/shanfl/KINGSTON/Server4Poker/build/CMakeFiles/CMakeTmp/src.c
cc: warning: /wd4127: linker input file unused because linking not done
cc: error: /wd4127: linker input file not found: No such file or directory
gmake[1]: *** [CMakeFiles/cmTC_f2497.dir/build.make:78: CMakeFiles/cmTC_f2497.dir/src.c.o] Error 1
gmake[1]: *** Deleting file 'CMakeFiles/cmTC_f2497.dir/src.c.o'
gmake[1]: Leaving directory '/media/shanfl/KINGSTON/Server4Poker/build/CMakeFiles/CMakeTmp'
gmake: *** [Makefile:127: cmTC_f2497/fast] Error 2


Source file was:
int main(void) { return 0; }
Performing C SOURCE FILE Test UV_LINT_NO_NONSTANDARD_MSVC failed with the following output:
Change Dir: /media/shanfl/KINGSTON/Server4Poker/build/CMakeFiles/CMakeTmp

Run Build Command(s):/usr/bin/gmake -f Makefile cmTC_17435/fast && /usr/bin/gmake  -f CMakeFiles/cmTC_17435.dir/build.make CMakeFiles/cmTC_17435.dir/build
gmake[1]: Entering directory '/media/shanfl/KINGSTON/Server4Poker/build/CMakeFiles/CMakeTmp'
Building C object CMakeFiles/cmTC_17435.dir/src.c.o
/usr/bin/cc -DUV_LINT_NO_NONSTANDARD_MSVC  /wd4201 -std=gnu90 -o CMakeFiles/cmTC_17435.dir/src.c.o -c /media/shanfl/KINGSTON/Server4Poker/build/CMakeFiles/CMakeTmp/src.c
cc: warning: /wd4201: linker input file unused because linking not done
cc: error: /wd4201: linker input file not found: No such file or directory
gmake[1]: *** [CMakeFiles/cmTC_17435.dir/build.make:78: CMakeFiles/cmTC_17435.dir/src.c.o] Error 1
gmake[1]: *** Deleting file 'CMakeFiles/cmTC_17435.dir/src.c.o'
gmake[1]: Leaving directory '/media/shanfl/KINGSTON/Server4Poker/build/CMakeFiles/CMakeTmp'
gmake: *** [Makefile:127: cmTC_17435/fast] Error 2


Source file was:
int main(void) { return 0; }
Performing C SOURCE FILE Test UV_LINT_NO_NONSTANDARD_EMPTY_TU_MSVC failed with the following output:
Change Dir: /media/shanfl/KINGSTON/Server4Poker/build/CMakeFiles/CMakeTmp

Run Build Command(s):/usr/bin/gmake -f Makefile cmTC_34d59/fast && /usr/bin/gmake  -f CMakeFiles/cmTC_34d59.dir/build.make CMakeFiles/cmTC_34d59.dir/build
gmake[1]: Entering directory '/media/shanfl/KINGSTON/Server4Poker/build/CMakeFiles/CMakeTmp'
Building C object CMakeFiles/cmTC_34d59.dir/src.c.o
/usr/bin/cc -DUV_LINT_NO_NONSTANDARD_EMPTY_TU_MSVC  /wd4206 -std=gnu90 -o CMakeFiles/cmTC_34d59.dir/src.c.o -c /media/shanfl/KINGSTON/Server4Poker/build/CMakeFiles/CMakeTmp/src.c
cc: warning: /wd4206: linker input file unused because linking not done
cc: error: /wd4206: linker input file not found: No such file or directory
gmake[1]: *** [CMakeFiles/cmTC_34d59.dir/build.make:78: CMakeFiles/cmTC_34d59.dir/src.c.o] Error 1
gmake[1]: *** Deleting file 'CMakeFiles/cmTC_34d59.dir/src.c.o'
gmake[1]: Leaving directory '/media/shanfl/KINGSTON/Server4Poker/build/CMakeFiles/CMakeTmp'
gmake: *** [Makefile:127: cmTC_34d59/fast] Error 2


Source file was:
int main(void) { return 0; }
Performing C SOURCE FILE Test UV_LINT_NO_NONSTANDARD_FILE_SCOPE_MSVC failed with the following output:
Change Dir: /media/shanfl/KINGSTON/Server4Poker/build/CMakeFiles/CMakeTmp

Run Build Command(s):/usr/bin/gmake -f Makefile cmTC_028a3/fast && /usr/bin/gmake  -f CMakeFiles/cmTC_028a3.dir/build.make CMakeFiles/cmTC_028a3.dir/build
gmake[1]: Entering directory '/media/shanfl/KINGSTON/Server4Poker/build/CMakeFiles/CMakeTmp'
Building C object CMakeFiles/cmTC_028a3.dir/src.c.o
/usr/bin/cc -DUV_LINT_NO_NONSTANDARD_FILE_SCOPE_MSVC  /wd4210 -std=gnu90 -o CMakeFiles/cmTC_028a3.dir/src.c.o -c /media/shanfl/KINGSTON/Server4Poker/build/CMakeFiles/CMakeTmp/src.c
cc: warning: /wd4210: linker input file unused because linking not done
cc: error: /wd4210: linker input file not found: No such file or directory
gmake[1]: *** [CMakeFiles/cmTC_028a3.dir/build.make:78: CMakeFiles/cmTC_028a3.dir/src.c.o] Error 1
gmake[1]: *** Deleting file 'CMakeFiles/cmTC_028a3.dir/src.c.o'
gmake[1]: Leaving directory '/media/shanfl/KINGSTON/Server4Poker/build/CMakeFiles/CMakeTmp'
gmake: *** [Makefile:127: cmTC_028a3/fast] Error 2


Source file was:
int main(void) { return 0; }
Performing C SOURCE FILE Test UV_LINT_NO_NONSTANDARD_NONSTATIC_DLIMPORT_MSVC failed with the following output:
Change Dir: /media/shanfl/KINGSTON/Server4Poker/build/CMakeFiles/CMakeTmp

Run Build Command(s):/usr/bin/gmake -f Makefile cmTC_b7574/fast && /usr/bin/gmake  -f CMakeFiles/cmTC_b7574.dir/build.make CMakeFiles/cmTC_b7574.dir/build
gmake[1]: Entering directory '/media/shanfl/KINGSTON/Server4Poker/build/CMakeFiles/CMakeTmp'
Building C object CMakeFiles/cmTC_b7574.dir/src.c.o
/usr/bin/cc -DUV_LINT_NO_NONSTANDARD_NONSTATIC_DLIMPORT_MSVC  /wd4232 -std=gnu90 -o CMakeFiles/cmTC_b7574.dir/src.c.o -c /media/shanfl/KINGSTON/Server4Poker/build/CMakeFiles/CMakeTmp/src.c
cc: warning: /wd4232: linker input file unused because linking not done
cc: error: /wd4232: linker input file not found: No such file or directory
gmake[1]: *** [CMakeFiles/cmTC_b7574.dir/build.make:78: CMakeFiles/cmTC_b7574.dir/src.c.o] Error 1
gmake[1]: *** Deleting file 'CMakeFiles/cmTC_b7574.dir/src.c.o'
gmake[1]: Leaving directory '/media/shanfl/KINGSTON/Server4Poker/build/CMakeFiles/CMakeTmp'
gmake: *** [Makefile:127: cmTC_b7574/fast] Error 2


Source file was:
int main(void) { return 0; }
Performing C SOURCE FILE Test UV_LINT_NO_HIDES_LOCAL failed with the following output:
Change Dir: /media/shanfl/KINGSTON/Server4Poker/build/CMakeFiles/CMakeTmp

Run Build Command(s):/usr/bin/gmake -f Makefile cmTC_8d3d2/fast && /usr/bin/gmake  -f CMakeFiles/cmTC_8d3d2.dir/build.make CMakeFiles/cmTC_8d3d2.dir/build
gmake[1]: Entering directory '/media/shanfl/KINGSTON/Server4Poker/build/CMakeFiles/CMakeTmp'
Building C object CMakeFiles/cmTC_8d3d2.dir/src.c.o
/usr/bin/cc -DUV_LINT_NO_HIDES_LOCAL  /wd4456 -std=gnu90 -o CMakeFiles/cmTC_8d3d2.dir/src.c.o -c /media/shanfl/KINGSTON/Server4Poker/build/CMakeFiles/CMakeTmp/src.c
cc: warning: /wd4456: linker input file unused because linking not done
cc: error: /wd4456: linker input file not found: No such file or directory
gmake[1]: *** [CMakeFiles/cmTC_8d3d2.dir/build.make:78: CMakeFiles/cmTC_8d3d2.dir/src.c.o] Error 1
gmake[1]: *** Deleting file 'CMakeFiles/cmTC_8d3d2.dir/src.c.o'
gmake[1]: Leaving directory '/media/shanfl/KINGSTON/Server4Poker/build/CMakeFiles/CMakeTmp'
gmake: *** [Makefile:127: cmTC_8d3d2/fast] Error 2


Source file was:
int main(void) { return 0; }
Performing C SOURCE FILE Test UV_LINT_NO_HIDES_PARAM failed with the following output:
Change Dir: /media/shanfl/KINGSTON/Server4Poker/build/CMakeFiles/CMakeTmp

Run Build Command(s):/usr/bin/gmake -f Makefile cmTC_b16ba/fast && /usr/bin/gmake  -f CMakeFiles/cmTC_b16ba.dir/build.make CMakeFiles/cmTC_b16ba.dir/build
gmake[1]: Entering directory '/media/shanfl/KINGSTON/Server4Poker/build/CMakeFiles/CMakeTmp'
Building C object CMakeFiles/cmTC_b16ba.dir/src.c.o
/usr/bin/cc -DUV_LINT_NO_HIDES_PARAM  /wd4457 -std=gnu90 -o CMakeFiles/cmTC_b16ba.dir/src.c.o -c /media/shanfl/KINGSTON/Server4Poker/build/CMakeFiles/CMakeTmp/src.c
cc: warning: /wd4457: linker input file unused because linking not done
cc: error: /wd4457: linker input file not found: No such file or directory
gmake[1]: *** [CMakeFiles/cmTC_b16ba.dir/build.make:78: CMakeFiles/cmTC_b16ba.dir/src.c.o] Error 1
gmake[1]: *** Deleting file 'CMakeFiles/cmTC_b16ba.dir/src.c.o'
gmake[1]: Leaving directory '/media/shanfl/KINGSTON/Server4Poker/build/CMakeFiles/CMakeTmp'
gmake: *** [Makefile:127: cmTC_b16ba/fast] Error 2


Source file was:
int main(void) { return 0; }
Performing C SOURCE FILE Test UV_LINT_NO_HIDES_GLOBAL failed with the following output:
Change Dir: /media/shanfl/KINGSTON/Server4Poker/build/CMakeFiles/CMakeTmp

Run Build Command(s):/usr/bin/gmake -f Makefile cmTC_78cb3/fast && /usr/bin/gmake  -f CMakeFiles/cmTC_78cb3.dir/build.make CMakeFiles/cmTC_78cb3.dir/build
gmake[1]: Entering directory '/media/shanfl/KINGSTON/Server4Poker/build/CMakeFiles/CMakeTmp'
Building C object CMakeFiles/cmTC_78cb3.dir/src.c.o
/usr/bin/cc -DUV_LINT_NO_HIDES_GLOBAL  /wd4459 -std=gnu90 -o CMakeFiles/cmTC_78cb3.dir/src.c.o -c /media/shanfl/KINGSTON/Server4Poker/build/CMakeFiles/CMakeTmp/src.c
cc: warning: /wd4459: linker input file unused because linking not done
cc: error: /wd4459: linker input file not found: No such file or directory
gmake[1]: *** [CMakeFiles/cmTC_78cb3.dir/build.make:78: CMakeFiles/cmTC_78cb3.dir/src.c.o] Error 1
gmake[1]: *** Deleting file 'CMakeFiles/cmTC_78cb3.dir/src.c.o'
gmake[1]: Leaving directory '/media/shanfl/KINGSTON/Server4Poker/build/CMakeFiles/CMakeTmp'
gmake: *** [Makefile:127: cmTC_78cb3/fast] Error 2


Source file was:
int main(void) { return 0; }
Performing C SOURCE FILE Test UV_LINT_NO_CONDITIONAL_ASSIGNMENT_MSVC failed with the following output:
Change Dir: /media/shanfl/KINGSTON/Server4Poker/build/CMakeFiles/CMakeTmp

Run Build Command(s):/usr/bin/gmake -f Makefile cmTC_2e9a2/fast && /usr/bin/gmake  -f CMakeFiles/cmTC_2e9a2.dir/build.make CMakeFiles/cmTC_2e9a2.dir/build
gmake[1]: Entering directory '/media/shanfl/KINGSTON/Server4Poker/build/CMakeFiles/CMakeTmp'
Building C object CMakeFiles/cmTC_2e9a2.dir/src.c.o
/usr/bin/cc -DUV_LINT_NO_CONDITIONAL_ASSIGNMENT_MSVC  /wd4706 -std=gnu90 -o CMakeFiles/cmTC_2e9a2.dir/src.c.o -c /media/shanfl/KINGSTON/Server4Poker/build/CMakeFiles/CMakeTmp/src.c
cc: warning: /wd4706: linker input file unused because linking not done
cc: error: /wd4706: linker input file not found: No such file or directory
gmake[1]: *** [CMakeFiles/cmTC_2e9a2.dir/build.make:78: CMakeFiles/cmTC_2e9a2.dir/src.c.o] Error 1
gmake[1]: *** Deleting file 'CMakeFiles/cmTC_2e9a2.dir/src.c.o'
gmake[1]: Leaving directory '/media/shanfl/KINGSTON/Server4Poker/build/CMakeFiles/CMakeTmp'
gmake: *** [Makefile:127: cmTC_2e9a2/fast] Error 2


Source file was:
int main(void) { return 0; }
Performing C SOURCE FILE Test UV_LINT_NO_UNSAFE_MSVC failed with the following output:
Change Dir: /media/shanfl/KINGSTON/Server4Poker/build/CMakeFiles/CMakeTmp

Run Build Command(s):/usr/bin/gmake -f Makefile cmTC_29428/fast && /usr/bin/gmake  -f CMakeFiles/cmTC_29428.dir/build.make CMakeFiles/cmTC_29428.dir/build
gmake[1]: Entering directory '/media/shanfl/KINGSTON/Server4Poker/build/CMakeFiles/CMakeTmp'
Building C object CMakeFiles/cmTC_29428.dir/src.c.o
/usr/bin/cc -DUV_LINT_NO_UNSAFE_MSVC  /wd4996 -std=gnu90 -o CMakeFiles/cmTC_29428.dir/src.c.o -c /media/shanfl/KINGSTON/Server4Poker/build/CMakeFiles/CMakeTmp/src.c
cc: warning: /wd4996: linker input file unused because linking not done
cc: error: /wd4996: linker input file not found: No such file or directory
gmake[1]: *** [CMakeFiles/cmTC_29428.dir/build.make:78: CMakeFiles/cmTC_29428.dir/src.c.o] Error 1
gmake[1]: *** Deleting file 'CMakeFiles/cmTC_29428.dir/src.c.o'
gmake[1]: Leaving directory '/media/shanfl/KINGSTON/Server4Poker/build/CMakeFiles/CMakeTmp'
gmake: *** [Makefile:127: cmTC_29428/fast] Error 2


Source file was:
int main(void) { return 0; }
Performing C SOURCE FILE Test UV_LINT_UTF8_MSVC failed with the following output:
Change Dir: /media/shanfl/KINGSTON/Server4Poker/build/CMakeFiles/CMakeTmp

Run Build Command(s):/usr/bin/gmake -f Makefile cmTC_68665/fast && /usr/bin/gmake  -f CMakeFiles/cmTC_68665.dir/build.make CMakeFiles/cmTC_68665.dir/build
gmake[1]: Entering directory '/media/shanfl/KINGSTON/Server4Poker/build/CMakeFiles/CMakeTmp'
Building C object CMakeFiles/cmTC_68665.dir/src.c.o
/usr/bin/cc -DUV_LINT_UTF8_MSVC  /utf-8 -std=gnu90 -o CMakeFiles/cmTC_68665.dir/src.c.o -c /media/shanfl/KINGSTON/Server4Poker/build/CMakeFiles/CMakeTmp/src.c
cc: warning: /utf-8: linker input file unused because linking not done
cc: error: /utf-8: linker input file not found: No such file or directory
gmake[1]: *** [CMakeFiles/cmTC_68665.dir/build.make:78: CMakeFiles/cmTC_68665.dir/src.c.o] Error 1
gmake[1]: *** Deleting file 'CMakeFiles/cmTC_68665.dir/src.c.o'
gmake[1]: Leaving directory '/media/shanfl/KINGSTON/Server4Poker/build/CMakeFiles/CMakeTmp'
gmake: *** [Makefile:127: cmTC_68665/fast] Error 2


Source file was:
int main(void) { return 0; }
